[0.058s] DEBUG:colcon:Command line arguments: ['/usr/bin/colcon', 'list', '-p', '--base-paths', '/media/jingfan/Data/personal_info/sci_research/robotics/Autonomous-Ball-Pick-up-Car']
[0.058s] DEBUG:colcon:Parsed command line arguments: Namespace(log_base=None, log_level=None, verb_name='list', build_base='build', ignore_user_meta=False, metas=['./colcon.meta'], base_paths=['/media/jingfan/Data/personal_info/sci_research/robotics/Autonomous-Ball-Pick-up-Car'], packages_ignore=None, packages_ignore_regex=None, paths=None, packages_up_to=None, packages_up_to_regex=None, packages_above=None, packages_above_and_dependencies=None, packages_above_depth=None, packages_select_by_dep=None, packages_skip_by_dep=None, packages_skip_up_to=None, packages_select_build_failed=False, packages_skip_build_finished=False, packages_select_test_failures=False, packages_skip_test_passed=False, packages_select=None, packages_skip=None, packages_select_regex=None, packages_skip_regex=None, packages_start=None, packages_end=None, allow_overriding=[], topological_order=False, names_only=False, paths_only=True, topological_graph=False, topological_graph_dot=False, topological_graph_density=False, topological_graph_legend=False, topological_graph_dot_cluster=False, topological_graph_dot_include_skipped=False, verb_parser=<colcon_defaults.argument_parser.defaults.DefaultArgumentsDecorator object at 0x7a3ddc13c9a0>, verb_extension=<colcon_package_information.verb.list.ListVerb object at 0x7a3ddc103880>, main=<bound method ListVerb.main of <colcon_package_information.verb.list.ListVerb object at 0x7a3ddc103880>>)
[0.085s] Level 1:colcon.colcon_core.package_discovery:discover_packages(colcon_meta) check parameters
[0.085s] Level 1:colcon.colcon_core.package_discovery:discover_packages(recursive) check parameters
[0.085s] Level 1:colcon.colcon_core.package_discovery:discover_packages(ignore) check parameters
[0.085s] Level 1:colcon.colcon_core.package_discovery:discover_packages(path) check parameters
[0.085s] Level 1:colcon.colcon_core.package_discovery:discover_packages(recursive) discover
[0.085s] INFO:colcon.colcon_core.package_discovery:Crawling recursively for packages in '/media/jingfan/Data/personal_info/sci_research/robotics/Autonomous-Ball-Pick-up-Car'
[0.086s] Level 1:colcon.colcon_core.package_identification:_identify(/media/jingfan/Data/personal_info/sci_research/robotics/Autonomous-Ball-Pick-up-Car) by extensions ['ignore', 'ignore_ament_install']
[0.086s] Level 1:colcon.colcon_core.package_identification:_identify(/media/jingfan/Data/personal_info/sci_research/robotics/Autonomous-Ball-Pick-up-Car) by extension 'ignore'
[0.086s] Level 1:colcon.colcon_core.package_identification:_identify(/media/jingfan/Data/personal_info/sci_research/robotics/Autonomous-Ball-Pick-up-Car) by extension 'ignore_ament_install'
[0.086s] Level 1:colcon.colcon_core.package_identification:_identify(/media/jingfan/Data/personal_info/sci_research/robotics/Autonomous-Ball-Pick-up-Car) by extensions ['colcon_pkg']
[0.086s] Level 1:colcon.colcon_core.package_identification:_identify(/media/jingfan/Data/personal_info/sci_research/robotics/Autonomous-Ball-Pick-up-Car) by extension 'colcon_pkg'
[0.086s] Level 1:colcon.colcon_core.package_identification:_identify(/media/jingfan/Data/personal_info/sci_research/robotics/Autonomous-Ball-Pick-up-Car) by extensions ['colcon_meta']
[0.086s] Level 1:colcon.colcon_core.package_identification:_identify(/media/jingfan/Data/personal_info/sci_research/robotics/Autonomous-Ball-Pick-up-Car) by extension 'colcon_meta'
[0.086s] Level 1:colcon.colcon_core.package_identification:_identify(/media/jingfan/Data/personal_info/sci_research/robotics/Autonomous-Ball-Pick-up-Car) by extensions ['ros']
[0.086s] Level 1:colcon.colcon_core.package_identification:_identify(/media/jingfan/Data/personal_info/sci_research/robotics/Autonomous-Ball-Pick-up-Car) by extension 'ros'
[0.096s] Level 1:colcon.colcon_core.package_identification:_identify(/media/jingfan/Data/personal_info/sci_research/robotics/Autonomous-Ball-Pick-up-Car) by extensions ['cmake', 'python']
[0.096s] Level 1:colcon.colcon_core.package_identification:_identify(/media/jingfan/Data/personal_info/sci_research/robotics/Autonomous-Ball-Pick-up-Car) by extension 'cmake'
[0.096s] Level 1:colcon.colcon_core.package_identification:_identify(/media/jingfan/Data/personal_info/sci_research/robotics/Autonomous-Ball-Pick-up-Car) by extension 'python'
[0.096s] Level 1:colcon.colcon_core.package_identification:_identify(/media/jingfan/Data/personal_info/sci_research/robotics/Autonomous-Ball-Pick-up-Car) by extensions ['python_setup_py']
[0.096s] Level 1:colcon.colcon_core.package_identification:_identify(/media/jingfan/Data/personal_info/sci_research/robotics/Autonomous-Ball-Pick-up-Car) by extension 'python_setup_py'
[0.096s] Level 1:colcon.colcon_core.package_identification:_identify(/media/jingfan/Data/personal_info/sci_research/robotics/Autonomous-Ball-Pick-up-Car/docs) by extensions ['ignore', 'ignore_ament_install']
[0.097s] Level 1:colcon.colcon_core.package_identification:_identify(/media/jingfan/Data/personal_info/sci_research/robotics/Autonomous-Ball-Pick-up-Car/docs) by extension 'ignore'
[0.097s] Level 1:colcon.colcon_core.package_identification:_identify(/media/jingfan/Data/personal_info/sci_research/robotics/Autonomous-Ball-Pick-up-Car/docs) by extension 'ignore_ament_install'
[0.097s] Level 1:colcon.colcon_core.package_identification:_identify(/media/jingfan/Data/personal_info/sci_research/robotics/Autonomous-Ball-Pick-up-Car/docs) by extensions ['colcon_pkg']
[0.097s] Level 1:colcon.colcon_core.package_identification:_identify(/media/jingfan/Data/personal_info/sci_research/robotics/Autonomous-Ball-Pick-up-Car/docs) by extension 'colcon_pkg'
[0.097s] Level 1:colcon.colcon_core.package_identification:_identify(/media/jingfan/Data/personal_info/sci_research/robotics/Autonomous-Ball-Pick-up-Car/docs) by extensions ['colcon_meta']
[0.097s] Level 1:colcon.colcon_core.package_identification:_identify(/media/jingfan/Data/personal_info/sci_research/robotics/Autonomous-Ball-Pick-up-Car/docs) by extension 'colcon_meta'
[0.097s] Level 1:colcon.colcon_core.package_identification:_identify(/media/jingfan/Data/personal_info/sci_research/robotics/Autonomous-Ball-Pick-up-Car/docs) by extensions ['ros']
[0.097s] Level 1:colcon.colcon_core.package_identification:_identify(/media/jingfan/Data/personal_info/sci_research/robotics/Autonomous-Ball-Pick-up-Car/docs) by extension 'ros'
[0.097s] Level 1:colcon.colcon_core.package_identification:_identify(/media/jingfan/Data/personal_info/sci_research/robotics/Autonomous-Ball-Pick-up-Car/docs) by extensions ['cmake', 'python']
[0.097s] Level 1:colcon.colcon_core.package_identification:_identify(/media/jingfan/Data/personal_info/sci_research/robotics/Autonomous-Ball-Pick-up-Car/docs) by extension 'cmake'
[0.097s] Level 1:colcon.colcon_core.package_identification:_identify(/media/jingfan/Data/personal_info/sci_research/robotics/Autonomous-Ball-Pick-up-Car/docs) by extension 'python'
[0.097s] Level 1:colcon.colcon_core.package_identification:_identify(/media/jingfan/Data/personal_info/sci_research/robotics/Autonomous-Ball-Pick-up-Car/docs) by extensions ['python_setup_py']
[0.097s] Level 1:colcon.colcon_core.package_identification:_identify(/media/jingfan/Data/personal_info/sci_research/robotics/Autonomous-Ball-Pick-up-Car/docs) by extension 'python_setup_py'
[0.097s] Level 1:colcon.colcon_core.package_identification:_identify(/media/jingfan/Data/personal_info/sci_research/robotics/Autonomous-Ball-Pick-up-Car/log) by extensions ['ignore', 'ignore_ament_install']
[0.097s] Level 1:colcon.colcon_core.package_identification:_identify(/media/jingfan/Data/personal_info/sci_research/robotics/Autonomous-Ball-Pick-up-Car/log) by extension 'ignore'
[0.097s] Level 1:colcon.colcon_core.package_identification:_identify(/media/jingfan/Data/personal_info/sci_research/robotics/Autonomous-Ball-Pick-up-Car/log) ignored
[0.097s] Level 1:colcon.colcon_core.package_identification:_identify(/media/jingfan/Data/personal_info/sci_research/robotics/Autonomous-Ball-Pick-up-Car/src) by extensions ['ignore', 'ignore_ament_install']
[0.097s] Level 1:colcon.colcon_core.package_identification:_identify(/media/jingfan/Data/personal_info/sci_research/robotics/Autonomous-Ball-Pick-up-Car/src) by extension 'ignore'
[0.097s] Level 1:colcon.colcon_core.package_identification:_identify(/media/jingfan/Data/personal_info/sci_research/robotics/Autonomous-Ball-Pick-up-Car/src) by extension 'ignore_ament_install'
[0.097s] Level 1:colcon.colcon_core.package_identification:_identify(/media/jingfan/Data/personal_info/sci_research/robotics/Autonomous-Ball-Pick-up-Car/src) by extensions ['colcon_pkg']
[0.097s] Level 1:colcon.colcon_core.package_identification:_identify(/media/jingfan/Data/personal_info/sci_research/robotics/Autonomous-Ball-Pick-up-Car/src) by extension 'colcon_pkg'
[0.097s] Level 1:colcon.colcon_core.package_identification:_identify(/media/jingfan/Data/personal_info/sci_research/robotics/Autonomous-Ball-Pick-up-Car/src) by extensions ['colcon_meta']
[0.097s] Level 1:colcon.colcon_core.package_identification:_identify(/media/jingfan/Data/personal_info/sci_research/robotics/Autonomous-Ball-Pick-up-Car/src) by extension 'colcon_meta'
[0.097s] Level 1:colcon.colcon_core.package_identification:_identify(/media/jingfan/Data/personal_info/sci_research/robotics/Autonomous-Ball-Pick-up-Car/src) by extensions ['ros']
[0.097s] Level 1:colcon.colcon_core.package_identification:_identify(/media/jingfan/Data/personal_info/sci_research/robotics/Autonomous-Ball-Pick-up-Car/src) by extension 'ros'
[0.097s] Level 1:colcon.colcon_core.package_identification:_identify(/media/jingfan/Data/personal_info/sci_research/robotics/Autonomous-Ball-Pick-up-Car/src) by extensions ['cmake', 'python']
[0.097s] Level 1:colcon.colcon_core.package_identification:_identify(/media/jingfan/Data/personal_info/sci_research/robotics/Autonomous-Ball-Pick-up-Car/src) by extension 'cmake'
[0.098s] Level 1:colcon.colcon_core.package_identification:_identify(/media/jingfan/Data/personal_info/sci_research/robotics/Autonomous-Ball-Pick-up-Car/src) by extension 'python'
[0.098s] DEBUG:colcon.colcon_core.package_identification:Package '/media/jingfan/Data/personal_info/sci_research/robotics/Autonomous-Ball-Pick-up-Car/src' with type 'cmake' and name 'src'
[0.098s] Level 1:colcon.colcon_core.package_identification:_identify(/media/jingfan/Data/personal_info/sci_research/robotics/Autonomous-Ball-Pick-up-Car/structure) by extensions ['ignore', 'ignore_ament_install']
[0.098s] Level 1:colcon.colcon_core.package_identification:_identify(/media/jingfan/Data/personal_info/sci_research/robotics/Autonomous-Ball-Pick-up-Car/structure) by extension 'ignore'
[0.098s] Level 1:colcon.colcon_core.package_identification:_identify(/media/jingfan/Data/personal_info/sci_research/robotics/Autonomous-Ball-Pick-up-Car/structure) by extension 'ignore_ament_install'
[0.098s] Level 1:colcon.colcon_core.package_identification:_identify(/media/jingfan/Data/personal_info/sci_research/robotics/Autonomous-Ball-Pick-up-Car/structure) by extensions ['colcon_pkg']
[0.098s] Level 1:colcon.colcon_core.package_identification:_identify(/media/jingfan/Data/personal_info/sci_research/robotics/Autonomous-Ball-Pick-up-Car/structure) by extension 'colcon_pkg'
[0.098s] Level 1:colcon.colcon_core.package_identification:_identify(/media/jingfan/Data/personal_info/sci_research/robotics/Autonomous-Ball-Pick-up-Car/structure) by extensions ['colcon_meta']
[0.099s] Level 1:colcon.colcon_core.package_identification:_identify(/media/jingfan/Data/personal_info/sci_research/robotics/Autonomous-Ball-Pick-up-Car/structure) by extension 'colcon_meta'
[0.099s] Level 1:colcon.colcon_core.package_identification:_identify(/media/jingfan/Data/personal_info/sci_research/robotics/Autonomous-Ball-Pick-up-Car/structure) by extensions ['ros']
[0.099s] Level 1:colcon.colcon_core.package_identification:_identify(/media/jingfan/Data/personal_info/sci_research/robotics/Autonomous-Ball-Pick-up-Car/structure) by extension 'ros'
[0.099s] Level 1:colcon.colcon_core.package_identification:_identify(/media/jingfan/Data/personal_info/sci_research/robotics/Autonomous-Ball-Pick-up-Car/structure) by extensions ['cmake', 'python']
[0.099s] Level 1:colcon.colcon_core.package_identification:_identify(/media/jingfan/Data/personal_info/sci_research/robotics/Autonomous-Ball-Pick-up-Car/structure) by extension 'cmake'
[0.099s] Level 1:colcon.colcon_core.package_identification:_identify(/media/jingfan/Data/personal_info/sci_research/robotics/Autonomous-Ball-Pick-up-Car/structure) by extension 'python'
[0.099s] Level 1:colcon.colcon_core.package_identification:_identify(/media/jingfan/Data/personal_info/sci_research/robotics/Autonomous-Ball-Pick-up-Car/structure) by extensions ['python_setup_py']
[0.099s] Level 1:colcon.colcon_core.package_identification:_identify(/media/jingfan/Data/personal_info/sci_research/robotics/Autonomous-Ball-Pick-up-Car/structure) by extension 'python_setup_py'
[0.099s] Level 1:colcon.colcon_core.package_identification:_identify(/media/jingfan/Data/personal_info/sci_research/robotics/Autonomous-Ball-Pick-up-Car/workspace) by extensions ['ignore', 'ignore_ament_install']
[0.099s] Level 1:colcon.colcon_core.package_identification:_identify(/media/jingfan/Data/personal_info/sci_research/robotics/Autonomous-Ball-Pick-up-Car/workspace) by extension 'ignore'
[0.099s] Level 1:colcon.colcon_core.package_identification:_identify(/media/jingfan/Data/personal_info/sci_research/robotics/Autonomous-Ball-Pick-up-Car/workspace) by extension 'ignore_ament_install'
[0.099s] Level 1:colcon.colcon_core.package_identification:_identify(/media/jingfan/Data/personal_info/sci_research/robotics/Autonomous-Ball-Pick-up-Car/workspace) by extensions ['colcon_pkg']
[0.099s] Level 1:colcon.colcon_core.package_identification:_identify(/media/jingfan/Data/personal_info/sci_research/robotics/Autonomous-Ball-Pick-up-Car/workspace) by extension 'colcon_pkg'
[0.099s] Level 1:colcon.colcon_core.package_identification:_identify(/media/jingfan/Data/personal_info/sci_research/robotics/Autonomous-Ball-Pick-up-Car/workspace) by extensions ['colcon_meta']
[0.099s] Level 1:colcon.colcon_core.package_identification:_identify(/media/jingfan/Data/personal_info/sci_research/robotics/Autonomous-Ball-Pick-up-Car/workspace) by extension 'colcon_meta'
[0.099s] Level 1:colcon.colcon_core.package_identification:_identify(/media/jingfan/Data/personal_info/sci_research/robotics/Autonomous-Ball-Pick-up-Car/workspace) by extensions ['ros']
[0.099s] Level 1:colcon.colcon_core.package_identification:_identify(/media/jingfan/Data/personal_info/sci_research/robotics/Autonomous-Ball-Pick-up-Car/workspace) by extension 'ros'
[0.099s] Level 1:colcon.colcon_core.package_identification:_identify(/media/jingfan/Data/personal_info/sci_research/robotics/Autonomous-Ball-Pick-up-Car/workspace) by extensions ['cmake', 'python']
[0.099s] Level 1:colcon.colcon_core.package_identification:_identify(/media/jingfan/Data/personal_info/sci_research/robotics/Autonomous-Ball-Pick-up-Car/workspace) by extension 'cmake'
[0.099s] Level 1:colcon.colcon_core.package_identification:_identify(/media/jingfan/Data/personal_info/sci_research/robotics/Autonomous-Ball-Pick-up-Car/workspace) by extension 'python'
[0.099s] Level 1:colcon.colcon_core.package_identification:_identify(/media/jingfan/Data/personal_info/sci_research/robotics/Autonomous-Ball-Pick-up-Car/workspace) by extensions ['python_setup_py']
[0.099s] Level 1:colcon.colcon_core.package_identification:_identify(/media/jingfan/Data/personal_info/sci_research/robotics/Autonomous-Ball-Pick-up-Car/workspace) by extension 'python_setup_py'
[0.099s] Level 1:colcon.colcon_core.package_identification:_identify(/media/jingfan/Data/personal_info/sci_research/robotics/Autonomous-Ball-Pick-up-Car/workspace/build) by extensions ['ignore', 'ignore_ament_install']
[0.099s] Level 1:colcon.colcon_core.package_identification:_identify(/media/jingfan/Data/personal_info/sci_research/robotics/Autonomous-Ball-Pick-up-Car/workspace/build) by extension 'ignore'
[0.099s] Level 1:colcon.colcon_core.package_identification:_identify(/media/jingfan/Data/personal_info/sci_research/robotics/Autonomous-Ball-Pick-up-Car/workspace/build) by extension 'ignore_ament_install'
[0.099s] Level 1:colcon.colcon_core.package_identification:_identify(/media/jingfan/Data/personal_info/sci_research/robotics/Autonomous-Ball-Pick-up-Car/workspace/build) by extensions ['colcon_pkg']
[0.099s] Level 1:colcon.colcon_core.package_identification:_identify(/media/jingfan/Data/personal_info/sci_research/robotics/Autonomous-Ball-Pick-up-Car/workspace/build) by extension 'colcon_pkg'
[0.099s] Level 1:colcon.colcon_core.package_identification:_identify(/media/jingfan/Data/personal_info/sci_research/robotics/Autonomous-Ball-Pick-up-Car/workspace/build) by extensions ['colcon_meta']
[0.099s] Level 1:colcon.colcon_core.package_identification:_identify(/media/jingfan/Data/personal_info/sci_research/robotics/Autonomous-Ball-Pick-up-Car/workspace/build) by extension 'colcon_meta'
[0.099s] Level 1:colcon.colcon_core.package_identification:_identify(/media/jingfan/Data/personal_info/sci_research/robotics/Autonomous-Ball-Pick-up-Car/workspace/build) by extensions ['ros']
[0.099s] Level 1:colcon.colcon_core.package_identification:_identify(/media/jingfan/Data/personal_info/sci_research/robotics/Autonomous-Ball-Pick-up-Car/workspace/build) by extension 'ros'
[0.099s] Level 1:colcon.colcon_core.package_identification:_identify(/media/jingfan/Data/personal_info/sci_research/robotics/Autonomous-Ball-Pick-up-Car/workspace/build) ignored
[0.099s] Level 1:colcon.colcon_core.package_identification:_identify(/media/jingfan/Data/personal_info/sci_research/robotics/Autonomous-Ball-Pick-up-Car/workspace/devel) by extensions ['ignore', 'ignore_ament_install']
[0.099s] Level 1:colcon.colcon_core.package_identification:_identify(/media/jingfan/Data/personal_info/sci_research/robotics/Autonomous-Ball-Pick-up-Car/workspace/devel) by extension 'ignore'
[0.100s] Level 1:colcon.colcon_core.package_identification:_identify(/media/jingfan/Data/personal_info/sci_research/robotics/Autonomous-Ball-Pick-up-Car/workspace/devel) by extension 'ignore_ament_install'
[0.100s] Level 1:colcon.colcon_core.package_identification:_identify(/media/jingfan/Data/personal_info/sci_research/robotics/Autonomous-Ball-Pick-up-Car/workspace/devel) ignored
[0.100s] Level 1:colcon.colcon_core.package_identification:_identify(/media/jingfan/Data/personal_info/sci_research/robotics/Autonomous-Ball-Pick-up-Car/workspace/src) by extensions ['ignore', 'ignore_ament_install']
[0.100s] Level 1:colcon.colcon_core.package_identification:_identify(/media/jingfan/Data/personal_info/sci_research/robotics/Autonomous-Ball-Pick-up-Car/workspace/src) by extension 'ignore'
[0.100s] Level 1:colcon.colcon_core.package_identification:_identify(/media/jingfan/Data/personal_info/sci_research/robotics/Autonomous-Ball-Pick-up-Car/workspace/src) by extension 'ignore_ament_install'
[0.100s] Level 1:colcon.colcon_core.package_identification:_identify(/media/jingfan/Data/personal_info/sci_research/robotics/Autonomous-Ball-Pick-up-Car/workspace/src) by extensions ['colcon_pkg']
[0.100s] Level 1:colcon.colcon_core.package_identification:_identify(/media/jingfan/Data/personal_info/sci_research/robotics/Autonomous-Ball-Pick-up-Car/workspace/src) by extension 'colcon_pkg'
[0.100s] Level 1:colcon.colcon_core.package_identification:_identify(/media/jingfan/Data/personal_info/sci_research/robotics/Autonomous-Ball-Pick-up-Car/workspace/src) by extensions ['colcon_meta']
[0.100s] Level 1:colcon.colcon_core.package_identification:_identify(/media/jingfan/Data/personal_info/sci_research/robotics/Autonomous-Ball-Pick-up-Car/workspace/src) by extension 'colcon_meta'
[0.100s] Level 1:colcon.colcon_core.package_identification:_identify(/media/jingfan/Data/personal_info/sci_research/robotics/Autonomous-Ball-Pick-up-Car/workspace/src) by extensions ['ros']
[0.100s] Level 1:colcon.colcon_core.package_identification:_identify(/media/jingfan/Data/personal_info/sci_research/robotics/Autonomous-Ball-Pick-up-Car/workspace/src) by extension 'ros'
[0.100s] Level 1:colcon.colcon_core.package_identification:_identify(/media/jingfan/Data/personal_info/sci_research/robotics/Autonomous-Ball-Pick-up-Car/workspace/src) by extensions ['cmake', 'python']
[0.100s] Level 1:colcon.colcon_core.package_identification:_identify(/media/jingfan/Data/personal_info/sci_research/robotics/Autonomous-Ball-Pick-up-Car/workspace/src) by extension 'cmake'
[0.100s] Level 1:colcon.colcon_core.package_identification:_identify(/media/jingfan/Data/personal_info/sci_research/robotics/Autonomous-Ball-Pick-up-Car/workspace/src) by extension 'python'
[0.100s] DEBUG:colcon.colcon_core.package_identification:Package '/media/jingfan/Data/personal_info/sci_research/robotics/Autonomous-Ball-Pick-up-Car/workspace/src' with type 'cmake' and name 'src'
[0.100s] Level 1:colcon.colcon_core.package_discovery:discover_packages(recursive) using defaults
