Determining if the pthread_create exist failed with the following output:
Change Dir: /home/nano/Autonomous-Ball-Pick-up-Car/workspace/build/CMakeFiles/CMakeTmp

Run Build Command:"/usr/bin/make" "cmTC_ea0f4/fast"
/usr/bin/make -f CMakeFiles/cmTC_ea0f4.dir/build.make CMakeFiles/cmTC_ea0f4.dir/build
make[1]: Entering directory '/home/nano/Autonomous-Ball-Pick-up-Car/workspace/build/CMakeFiles/CMakeTmp'
Building C object CMakeFiles/cmTC_ea0f4.dir/CheckSymbolExists.c.o
/usr/bin/cc    -o CMakeFiles/cmTC_ea0f4.dir/CheckSymbolExists.c.o   -c /home/nano/Autonomous-Ball-Pick-up-Car/workspace/build/CMakeFiles/CMakeTmp/CheckSymbolExists.c
Linking C executable cmTC_ea0f4
/usr/bin/cmake -E cmake_link_script CMakeFiles/cmTC_ea0f4.dir/link.txt --verbose=1
/usr/bin/cc      -rdynamic CMakeFiles/cmTC_ea0f4.dir/CheckSymbolExists.c.o  -o cmTC_ea0f4 
CMakeFiles/cmTC_ea0f4.dir/CheckSymbolExists.c.o: In function `main':
CheckSymbolExists.c:(.text+0x14): undefined reference to `pthread_create'
CheckSymbolExists.c:(.text+0x18): undefined reference to `pthread_create'
collect2: error: ld returned 1 exit status
CMakeFiles/cmTC_ea0f4.dir/build.make:97: recipe for target 'cmTC_ea0f4' failed
make[1]: *** [cmTC_ea0f4] Error 1
make[1]: Leaving directory '/home/nano/Autonomous-Ball-Pick-up-Car/workspace/build/CMakeFiles/CMakeTmp'
Makefile:126: recipe for target 'cmTC_ea0f4/fast' failed
make: *** [cmTC_ea0f4/fast] Error 2

File /home/nano/Autonomous-Ball-Pick-up-Car/workspace/build/CMakeFiles/CMakeTmp/CheckSymbolExists.c:
/* */
#include <pthread.h>

int main(int argc, char** argv)
{
  (void)argv;
#ifndef pthread_create
  return ((int*)(&pthread_create))[argc];
#else
  (void)argc;
  return 0;
#endif
}

Determining if the function pthread_create exists in the pthreads failed with the following output:
Change Dir: /home/nano/Autonomous-Ball-Pick-up-Car/workspace/build/CMakeFiles/CMakeTmp

Run Build Command:"/usr/bin/make" "cmTC_910cc/fast"
/usr/bin/make -f CMakeFiles/cmTC_910cc.dir/build.make CMakeFiles/cmTC_910cc.dir/build
make[1]: Entering directory '/home/nano/Autonomous-Ball-Pick-up-Car/workspace/build/CMakeFiles/CMakeTmp'
Building C object CMakeFiles/cmTC_910cc.dir/CheckFunctionExists.c.o
/usr/bin/cc   -DCHECK_FUNCTION_EXISTS=pthread_create   -o CMakeFiles/cmTC_910cc.dir/CheckFunctionExists.c.o   -c /usr/share/cmake-3.10/Modules/CheckFunctionExists.c
Linking C executable cmTC_910cc
/usr/bin/cmake -E cmake_link_script CMakeFiles/cmTC_910cc.dir/link.txt --verbose=1
/usr/bin/cc  -DCHECK_FUNCTION_EXISTS=pthread_create    -rdynamic CMakeFiles/cmTC_910cc.dir/CheckFunctionExists.c.o  -o cmTC_910cc -lpthreads 
/usr/bin/ld: cannot find -lpthreads
collect2: error: ld returned 1 exit status
CMakeFiles/cmTC_910cc.dir/build.make:97: recipe for target 'cmTC_910cc' failed
make[1]: *** [cmTC_910cc] Error 1
make[1]: Leaving directory '/home/nano/Autonomous-Ball-Pick-up-Car/workspace/build/CMakeFiles/CMakeTmp'
Makefile:126: recipe for target 'cmTC_910cc/fast' failed
make: *** [cmTC_910cc/fast] Error 2


